sinch-rtc-sample-video/build/outputs/mapping/release/mapping.txt
# compiler: R8
# compiler_version: 1.5.69
# min_api: 17
# pg_map_id: 2658ab8
com.sinch.android.rtc.sample.video.-$$Lambda$CallScreenActivity$1E1gb46I7DA0lwO9mJYiIUkREeg -> com.sinch.android.rtc.sample.video.a:
    com.sinch.android.rtc.video.VideoController f$0 -> b
    boolean f$1 -> c
    boolean f$2 -> d
com.sinch.android.rtc.sample.video.-$$Lambda$CallScreenActivity$D0Z6uXdEXuPVddQwCoaO6Y5vOEM -> com.sinch.android.rtc.sample.video.b:
    com.sinch.android.rtc.sample.video.CallScreenActivity f$0 -> b
com.sinch.android.rtc.sample.video.-$$Lambda$CallScreenActivity$E1r8KBHu9vE5ktI8z93t8_gamVA -> com.sinch.android.rtc.sample.video.c:
    com.sinch.android.rtc.video.VideoController f$0 -> b
com.sinch.android.rtc.sample.video.-$$Lambda$CallScreenActivity$OFzcL0-vWRQFKgAwOabiEMAYqiI -> com.sinch.android.rtc.sample.video.d:
    com.sinch.android.rtc.video.VideoController f$1 -> c
    com.sinch.android.rtc.sample.video.CallScreenActivity f$0 -> b
com.sinch.android.rtc.sample.video.-$$Lambda$CallScreenActivity$VS0-IjAZryj3XUfZWqFx5HQHrWs -> com.sinch.android.rtc.sample.video.e:
    com.sinch.android.rtc.video.VideoController f$1 -> c
    com.sinch.android.rtc.sample.video.CallScreenActivity f$0 -> b
com.sinch.android.rtc.sample.video.-$$Lambda$CallScreenActivity$aGHry0XS2sYziotp_d8-aZ-RTig -> com.sinch.android.rtc.sample.video.f:
    com.sinch.android.rtc.video.VideoController f$1 -> c
    com.sinch.android.rtc.sample.video.CallScreenActivity f$0 -> b
com.sinch.android.rtc.sample.video.-$$Lambda$CallScreenActivity$uqsXXEO8M9cI96K2Iq-gZ3Vm7pA -> com.sinch.android.rtc.sample.video.g:
    com.sinch.android.rtc.sample.video.CallScreenActivity f$0 -> b
com.sinch.android.rtc.sample.video.CallScreenActivity -> com.sinch.android.rtc.sample.video.CallScreenActivity:
    void lambda$addLocalView$2(com.sinch.android.rtc.video.VideoController) -> a
    void lambda$null$1(com.sinch.android.rtc.video.VideoController,android.view.View) -> a
    void lambda$null$3(android.view.View) -> a
    void lambda$setVideoViewsVisibility$6(com.sinch.android.rtc.video.VideoController,boolean,boolean) -> a
    void lambda$addRemoteView$4(com.sinch.android.rtc.video.VideoController) -> b
    void lambda$onCreate$0(android.view.View) -> b
    void lambda$removeVideoViews$5(com.sinch.android.rtc.video.VideoController) -> c
...
androidx.appcompat.widget.ActionMenuView$ActionMenuPresenterCallback -> androidx.appcompat.widget.ActionMenuView$b:
    void onCloseMenu(androidx.appcompat.view.menu.MenuBuilder,boolean) -> a
    boolean onOpenSubMenu(androidx.appcompat.view.menu.MenuBuilder) -> a
androidx.appcompat.widget.ActionMenuView$LayoutParams -> androidx.appcompat.widget.ActionMenuView$c:
    boolean expandable -> f
    int cellsUsed -> d
    boolean preventEdgeOffset -> g
    int extraPixels -> e
    boolean expanded -> h
    boolean isOverflowButton -> c
androidx.appcompat.widget.ActionMenuView$MenuBuilderCallback -> androidx.appcompat.widget.ActionMenuView$d:
    androidx.appcompat.widget.ActionMenuView this$0 -> b
    boolean onMenuItemSelected(androidx.appcompat.view.menu.MenuBuilder,android.view.MenuItem) -> a
    void onMenuModeChange(androidx.appcompat.view.menu.MenuBuilder) -> a
androidx.appcompat.widget.ActionMenuView$OnMenuItemClickListener -> androidx.appcompat.widget.ActionMenuView$e:
androidx.appcompat.widget.ActivityChooserView$InnerLayout -> androidx.appcompat.widget.ActivityChooserView$InnerLayout:
    int[] TINT_ATTRS -> b
androidx.appcompat.widget.AlertDialogLayout -> androidx.appcompat.widget.AlertDialogLayout:
    void setChildFrame(android.view.View,int,int,int,int) -> a
    void forceUniformWidth(int,int) -> c
    int resolveMinimumHeight(android.view.View) -> c
    boolean tryOnMeasure(int,int) -> d
androidx.appcompat.widget.AppCompatAutoCompleteTextView -> androidx.appcompat.widget.d:
    int[] TINT_ATTRS -> d
    androidx.appcompat.widget.AppCompatBackgroundHelper mBackgroundTintHelper -> b
    androidx.appcompat.widget.AppCompatTextHelper mTextHelper -> c
androidx.appcompat.widget.AppCompatBackgroundHelper -> androidx.appcompat.widget.e:
    androidx.appcompat.widget.TintInfo mTmpInfo -> f
    androidx.appcompat.widget.TintInfo mInternalBackgroundTint -> d
    androidx.appcompat.widget.TintInfo mBackgroundTint -> e
    android.view.View mView -> a
    androidx.appcompat.widget.AppCompatDrawableManager mDrawableManager -> b
    int mBackgroundResId -> c
    void applySupportBackgroundTint() -> a
    void loadFromAttributes(android.util.AttributeSet,int) -> a
    void onSetBackgroundDrawable(android.graphics.drawable.Drawable) -> a
    void onSetBackgroundResource(int) -> a
    void setInternalBackgroundTint(android.content.res.ColorStateList) -> a
    void setSupportBackgroundTintMode(android.graphics.PorterDuff$Mode) -> a
    boolean applyFrameworkTintUsingColorFilter(android.graphics.drawable.Drawable) -> b
    android.content.res.ColorStateList getSupportBackgroundTintList() -> b
    void setSupportBackgroundTintList(android.content.res.ColorStateList) -> b
    android.graphics.PorterDuff$Mode getSupportBackgroundTintMode() -> c
    boolean shouldApplyFrameworkTintUsingColorFilter() -> d
androidx.appcompat.widget.AppCompatButton -> androidx.appcompat.widget.f:
    androidx.appcompat.widget.AppCompatBackgroundHelper mBackgroundTintHelper -> b
    androidx.appcompat.widget.AppCompatTextHelper mTextHelper -> c
androidx.appcompat.widget.AppCompatCheckBox -> androidx.appcompat.widget.g:
    androidx.appcompat.widget.AppCompatBackgroundHelper mBackgroundTintHelper -> c
    androidx.appcompat.widget.AppCompatTextHelper mTextHelper -> d
    androidx.appcompat.widget.AppCompatCompoundButtonHelper mCompoundButtonHelper -> b
androidx.appcompat.widget.AppCompatCheckedTextView -> androidx.appcompat.widget.h:
    int[] TINT_ATTRS -> c
    androidx.appcompat.widget.AppCompatTextHelper mTextHelper -> b